<?xml version="1.0" encoding="UTF-8"?>
<testng-results ignored="0" total="1" passed="1" failed="0" skipped="0">
  <reporter-output>
  </reporter-output>
  <suite started-at="2023-03-04T10:54:54 IST" name="Default suite" finished-at="2023-03-04T10:55:15 IST" duration-ms="20461">
    <groups>
    </groups>
    <test started-at="2023-03-04T10:54:54 IST" name="Default test" finished-at="2023-03-04T10:55:15 IST" duration-ms="20461">
      <class name="automation_chitale_module1.Item_Group">
        <test-method is-config="true" signature="beforeMethod()[pri:0, instance:automation_chitale_module1.Item_Group@54a7079e]" started-at="2023-03-04T10:54:54 IST" name="beforeMethod" finished-at="2023-03-04T10:55:15 IST" duration-ms="20317" status="PASS">
          <reporter-output>
          </reporter-output>
        </test-method> <!-- beforeMethod -->
        <test-method signature="T()[pri:0, instance:automation_chitale_module1.Item_Group@54a7079e]" started-at="2023-03-04T10:55:15 IST" name="T" finished-at="2023-03-04T10:55:15 IST" duration-ms="5" status="PASS">
          <reporter-output>
          </reporter-output>
        </test-method> <!-- T -->
        <test-method is-config="true" signature="afterMethod()[pri:0, instance:automation_chitale_module1.Item_Group@54a7079e]" started-at="2023-03-04T10:55:15 IST" name="afterMethod" finished-at="2023-03-04T10:55:15 IST" duration-ms="105" status="PASS">
          <reporter-output>
          </reporter-output>
        </test-method> <!-- afterMethod -->
      </class> <!-- automation_chitale_module1.Item_Group -->
    </test> <!-- Default test -->
  </suite> <!-- Default suite -->
</testng-results>
